#
# A fatal error has been detected by the Java Runtime Environment:
#
#  EXCEPTION_ACCESS_VIOLATION (0xc0000005) at pc=0x00007ff865042224, pid=8536, tid=12900
#
# JRE version: Java(TM) SE Runtime Environment (8.0_77-b03) (build 1.8.0_77-b03)
# Java VM: Java HotSpot(TM) 64-Bit Server VM (25.77-b03 mixed mode windows-amd64 compressed oops)
# Problematic frame:
# C  [OPENGL32.dll+0xe2224]
#
# Failed to write core dump. Minidumps are not enabled by default on client versions of Windows
#
# If you would like to submit a bug report, please visit:
#   http://bugreport.java.com/bugreport/crash.jsp
#

---------------  T H R E A D  ---------------

Current thread (0x0000000014a17800):  VMThread [stack: 0x0000000015ab0000,0x0000000015bb0000] [id=12900]

siginfo: ExceptionCode=0xc0000005, reading address 0x0000000000000a38

Registers:
RAX=0x0000000000000000, RBX=0x000000001f8fe270, RCX=0x0000000000000001, RDX=0x000000001f8fe278
RSP=0x0000000015baf098, RBP=0x0000000000000000, RSI=0x000000001f8fb3e0, RDI=0x000000001f8fb3e0
R8 =0x0000000015baf118, R9 =0x0000000014925400, R10=0x0000000000000000, R11=0x0000000000000246
R12=0x0000000000000000, R13=0x000000001f8f6be8, R14=0x000000001f8f6aa0, R15=0x0000000000000000
RIP=0x00007ff865042224, EFLAGS=0x0000000000010283

Top of Stack: (sp=0x0000000015baf098)
0x0000000015baf098:   00007ff85327247b 000000001f8f6be8
0x0000000015baf0a8:   0000000000000001 000000001f8f0000
0x0000000015baf0b8:   00007ff8750d0ad9 0000000000000000
0x0000000015baf0c8:   00007ff853277b27 0000000000000000
0x0000000015baf0d8:   0000000000000000 000000001f8f6bd0
0x0000000015baf0e8:   00007ff853276e93 fffffffffffffffe
0x0000000015baf0f8:   0000000015baf160 0000000000000000
0x0000000015baf108:   00007ff8532783d9 000000001f8fb3e0
0x0000000015baf118:   000000001f7d6080 0000000014925400
0x0000000015baf128:   00007ff8532eb238 fffffffffffffffe
0x0000000015baf138:   000000001f8f8fa0 0000000000000001
0x0000000015baf148:   000000001f8f6bc8 000000001f8f6aa0
0x0000000015baf158:   00007ff8532f335d 00007ff853422880
0x0000000015baf168:   00007ff853359980 0000000014925400
0x0000000015baf178:   00007ff84539c7c0 000000001f8f6bc8
0x0000000015baf188:   000000001f8f6aa0 000000001f8f6aa0 

Instructions: (pc=0x00007ff865042224)
0x00007ff865042204:   cc cc cc cc cc cc 66 0f 1f 44 00 00 8b 05 f2 7d
0x00007ff865042214:   01 00 83 f8 40 73 0f 65 48 8b 04 c5 80 14 00 00
0x00007ff865042224:   ff a0 38 0a 00 00 b8 47 01 00 00 e9 ec d4 ff ff
0x00007ff865042234:   cc cc cc cc cc cc 66 0f 1f 44 00 00 8b 05 c2 7d 


Register to memory mapping:

RAX=0x0000000000000000 is an unknown value
RBX=0x000000001f8fe270 is an unknown value
RCX=0x0000000000000001 is an unknown value
RDX=0x000000001f8fe278 is an unknown value
RSP=0x0000000015baf098 is an unknown value
RBP=0x0000000000000000 is an unknown value
RSI=0x000000001f8fb3e0 is an unknown value
RDI=0x000000001f8fb3e0 is an unknown value
R8 =0x0000000015baf118 is an unknown value
R9 =0x0000000014925400 is an unknown value
R10=0x0000000000000000 is an unknown value
R11=0x0000000000000246 is an unknown value
R12=0x0000000000000000 is an unknown value
R13=0x000000001f8f6be8 is an unknown value
R14=0x000000001f8f6aa0 is an unknown value
R15=0x0000000000000000 is an unknown value


Stack: [0x0000000015ab0000,0x0000000015bb0000],  sp=0x0000000015baf098,  free space=1020k
Native frames: (J=compiled Java code, j=interpreted, Vv=VM code, C=native code)

VM_Operation (0x000000000224f040): Exit, mode: safepoint, requested by thread 0x00000000022f0800


---------------  P R O C E S S  ---------------

Java Threads: ( => current thread )
  0x00000000167ab000 JavaThread "Thread-2" daemon [_thread_in_native, id=3092, stack(0x000000001e590000,0x000000001e690000)]
  0x00000000163f8800 JavaThread "Service Thread" daemon [_thread_blocked, id=4076, stack(0x00000000167b0000,0x00000000168b0000)]
  0x0000000014a55000 JavaThread "C1 CompilerThread2" daemon [_thread_blocked, id=4464, stack(0x00000000162b0000,0x00000000163b0000)]
  0x0000000014a50000 JavaThread "C2 CompilerThread1" daemon [_thread_blocked, id=9556, stack(0x00000000161b0000,0x00000000162b0000)]
  0x0000000014a4e000 JavaThread "C2 CompilerThread0" daemon [_thread_blocked, id=4732, stack(0x00000000160b0000,0x00000000161b0000)]
  0x0000000014a4b800 JavaThread "Attach Listener" daemon [_thread_blocked, id=1116, stack(0x0000000015fb0000,0x00000000160b0000)]
  0x0000000014a4b000 JavaThread "Signal Dispatcher" daemon [_thread_blocked, id=9332, stack(0x0000000015eb0000,0x0000000015fb0000)]
  0x0000000014a3a800 JavaThread "Finalizer" daemon [_thread_blocked, id=10700, stack(0x0000000015cb0000,0x0000000015db0000)]
  0x00000000023e0800 JavaThread "Reference Handler" daemon [_thread_blocked, id=10712, stack(0x0000000015bb0000,0x0000000015cb0000)]
  0x00000000022f0800 JavaThread "main" [_thread_blocked, id=8812, stack(0x0000000002150000,0x0000000002250000)]

Other Threads:
=>0x0000000014a17800 VMThread [stack: 0x0000000015ab0000,0x0000000015bb0000] [id=12900]

VM state:at safepoint (shutting down)

VM Mutex/Monitor currently owned by a thread:  ([mutex/lock_event])
[0x000000000099be90] Threads_lock - owner thread: 0x0000000014a17800

Heap:
 PSYoungGen      total 18944K, used 13016K [0x00000000eaf00000, 0x00000000ec400000, 0x0000000100000000)
  eden space 16384K, 79% used [0x00000000eaf00000,0x00000000ebbb6130,0x00000000ebf00000)
  from space 2560K, 0% used [0x00000000ec180000,0x00000000ec180000,0x00000000ec400000)
  to   space 2560K, 0% used [0x00000000ebf00000,0x00000000ebf00000,0x00000000ec180000)
 ParOldGen       total 44032K, used 0K [0x00000000c0c00000, 0x00000000c3700000, 0x00000000eaf00000)
  object space 44032K, 0% used [0x00000000c0c00000,0x00000000c0c00000,0x00000000c3700000)
 Metaspace       used 6548K, capacity 6901K, committed 7168K, reserved 1056768K
  class space    used 631K, capacity 691K, committed 768K, reserved 1048576K

Card table byte_map: [0x00000000117b0000,0x00000000119b0000] byte_map_base: 0x00000000111aa000

Marking Bits: (ParMarkBitMap*) 0x000000005f580600
 Begin Bits: [0x0000000011f10000, 0x0000000012ee0000)
 End Bits:   [0x0000000012ee0000, 0x0000000013eb0000)

Polling page: 0x0000000000430000

CodeCache: size=245760Kb used=3797Kb max_used=3829Kb free=241962Kb
 bounds [0x00000000023f0000, 0x00000000027c0000, 0x00000000113f0000]
 total_blobs=1234 nmethods=817 adapters=330
 compilation: enabled

Compilation events (10 events):
Event: 16.203 Thread 0x0000000014a50000 nmethod 811 0x000000000276a9d0 code [0x000000000276ab40, 0x000000000276aed8]
Event: 16.209 Thread 0x0000000014a55000 nmethod 810 0x0000000002782190 code [0x0000000002783260, 0x000000000278ffc8]
Event: 17.831 Thread 0x0000000014a4e000  812       4       org.newdawn.slick.Input::poll (1561 bytes)
Event: 18.167 Thread 0x0000000014a50000  814   !   4       org.lwjgl.input.Keyboard::next (60 bytes)
Event: 18.189 Thread 0x0000000014a50000 nmethod 814 0x0000000002797550 code [0x0000000002797820, 0x0000000002798600]
Event: 18.216 Thread 0x0000000014a4e000 nmethod 812 0x00000000027a22d0 code [0x00000000027a2d40, 0x00000000027a99f8]
Event: 18.676 Thread 0x0000000014a55000  815       3       net.java.games.input.RawInputEventQueue::addMouseEvent (34 bytes)
Event: 18.676 Thread 0x0000000014a55000 nmethod 815 0x000000000276a050 code [0x000000000276a1c0, 0x000000000276a4d8]
Event: 18.676 Thread 0x0000000014a55000  816  s    3       net.java.games.input.RawDevice::addMouseEvent (42 bytes)
Event: 18.677 Thread 0x0000000014a55000 nmethod 816 0x0000000002768dd0 code [0x0000000002768f80, 0x0000000002769ae8]

GC Heap History (0 events):
No events

Deoptimization events (6 events):
Event: 0.677 Thread 0x00000000022f0800 Uncommon trap: reason=unstable_if action=reinterpret pc=0x00000000025f11c0 method=com.jcraft.jogg.Buffer.read(I)I @ 23
Event: 4.512 Thread 0x00000000022f0800 Uncommon trap: reason=unstable_if action=reinterpret pc=0x000000000272d5d8 method=org.lwjgl.input.Keyboard.isKeyDown(I)Z @ 29
Event: 13.598 Thread 0x00000000022f0800 Uncommon trap: reason=unstable_if action=reinterpret pc=0x0000000002721c70 method=org.lwjgl.input.Mouse.next()Z @ 28
Event: 16.183 Thread 0x00000000022f0800 Uncommon trap: reason=unstable_if action=reinterpret pc=0x0000000002777198 method=org.newdawn.slick.Input.poll(II)V @ 144
Event: 20.669 Thread 0x00000000022f0800 Uncommon trap: reason=unstable_if action=reinterpret pc=0x00000000027409b8 method=org.newdawn.slick.AppGameContainer.gameLoop()V @ 60
Event: 20.695 Thread 0x00000000022f0800 Uncommon trap: reason=unstable_if action=reinterpret pc=0x00000000026ad1cc method=java.util.HashMap$HashIterator.<init>(Ljava/util/HashMap;)V @ 45

Internal exceptions (10 events):
Event: 0.157 Thread 0x00000000022f0800 Exception <a 'java/security/PrivilegedActionException'> (0x00000000eb0f3880) thrown at [D:\re\workspace\8-2-build-windows-amd64-cygwin\jdk8u77\6540\hotspot\src\share\vm\prims\jvm.cpp, line 1386]
Event: 0.158 Thread 0x00000000022f0800 Exception <a 'java/security/PrivilegedActionException'> (0x00000000eb0f3a90) thrown at [D:\re\workspace\8-2-build-windows-amd64-cygwin\jdk8u77\6540\hotspot\src\share\vm\prims\jvm.cpp, line 1386]
Event: 0.158 Thread 0x00000000022f0800 Exception <a 'java/security/PrivilegedActionException'> (0x00000000eb0f78e8) thrown at [D:\re\workspace\8-2-build-windows-amd64-cygwin\jdk8u77\6540\hotspot\src\share\vm\prims\jvm.cpp, line 1386]
Event: 0.158 Thread 0x00000000022f0800 Exception <a 'java/security/PrivilegedActionException'> (0x00000000eb0f7af8) thrown at [D:\re\workspace\8-2-build-windows-amd64-cygwin\jdk8u77\6540\hotspot\src\share\vm\prims\jvm.cpp, line 1386]
Event: 0.626 Thread 0x00000000022f0800 Exception <a 'java/security/PrivilegedActionException'> (0x00000000eb7bc470) thrown at [D:\re\workspace\8-2-build-windows-amd64-cygwin\jdk8u77\6540\hotspot\src\share\vm\prims\jvm.cpp, line 1386]
Event: 0.627 Thread 0x00000000022f0800 Exception <a 'java/security/PrivilegedActionException'> (0x00000000eb7be048) thrown at [D:\re\workspace\8-2-build-windows-amd64-cygwin\jdk8u77\6540\hotspot\src\share\vm\prims\jvm.cpp, line 1386]
Event: 0.627 Thread 0x00000000022f0800 Exception <a 'java/security/PrivilegedActionException'> (0x00000000eb7bf1b8) thrown at [D:\re\workspace\8-2-build-windows-amd64-cygwin\jdk8u77\6540\hotspot\src\share\vm\prims\jvm.cpp, line 1386]
Event: 0.627 Thread 0x00000000022f0800 Exception <a 'java/security/PrivilegedActionException'> (0x00000000eb7c4320) thrown at [D:\re\workspace\8-2-build-windows-amd64-cygwin\jdk8u77\6540\hotspot\src\share\vm\prims\jvm.cpp, line 1386]
Event: 0.627 Thread 0x00000000022f0800 Exception <a 'java/security/PrivilegedActionException'> (0x00000000eb7c4f78) thrown at [D:\re\workspace\8-2-build-windows-amd64-cygwin\jdk8u77\6540\hotspot\src\share\vm\prims\jvm.cpp, line 1386]
Event: 0.627 Thread 0x00000000022f0800 Exception <a 'java/security/PrivilegedActionException'> (0x00000000eb7c5ba0) thrown at [D:\re\workspace\8-2-build-windows-amd64-cygwin\jdk8u77\6540\hotspot\src\share\vm\prims\jvm.cpp, line 1386]

Events (10 events):
Event: 20.695 Thread 0x00000000022f0800 DEOPT UNPACKING pc=0x000000000243582a sp=0x000000000224efe0 mode 2
Event: 20.695 loading class java/util/IdentityHashMap$KeySet
Event: 20.695 loading class java/util/IdentityHashMap$KeySet done
Event: 20.696 loading class java/util/IdentityHashMap$KeyIterator
Event: 20.696 loading class java/util/IdentityHashMap$IdentityHashMapIterator
Event: 20.696 loading class java/util/IdentityHashMap$IdentityHashMapIterator done
Event: 20.696 loading class java/util/IdentityHashMap$KeyIterator done
Event: 20.696 Thread 0x000000001e012000 Thread added: 0x000000001e012000
Event: 20.696 Thread 0x000000001e012000 Thread exited: 0x000000001e012000
Event: 20.697 Executing VM operation: Exit


Dynamic libraries:
0x00007ff702b80000 - 0x00007ff702bb7000 	C:\Program Files\Java\jdk1.8.0_77\bin\java.exe
0x00007ff8750b0000 - 0x00007ff875271000 	C:\WINDOWS\SYSTEM32\ntdll.dll
0x00007ff873f10000 - 0x00007ff873fbd000 	C:\WINDOWS\system32\KERNEL32.DLL
0x00007ff8721c0000 - 0x00007ff8723a8000 	C:\WINDOWS\system32\KERNELBASE.dll
0x00007ff8749e0000 - 0x00007ff874a87000 	C:\WINDOWS\system32\ADVAPI32.dll
0x00007ff874e00000 - 0x00007ff874e9d000 	C:\WINDOWS\system32\msvcrt.dll
0x00007ff874d10000 - 0x00007ff874d6b000 	C:\WINDOWS\system32\sechost.dll
0x00007ff874a90000 - 0x00007ff874bac000 	C:\WINDOWS\system32\RPCRT4.dll
0x00007ff874bb0000 - 0x00007ff874d06000 	C:\WINDOWS\system32\USER32.dll
0x00007ff8743f0000 - 0x00007ff874576000 	C:\WINDOWS\system32\GDI32.dll
0x00007ff86e150000 - 0x00007ff86e3c4000 	C:\WINDOWS\WinSxS\amd64_microsoft.windows.common-controls_6595b64144ccf1df_6.0.10586.0_none_8c15ae12515e1c22\COMCTL32.dll
0x00007ff873a50000 - 0x00007ff873ccd000 	C:\WINDOWS\system32\combase.dll
0x00007ff8723b0000 - 0x00007ff87241a000 	C:\WINDOWS\system32\bcryptPrimitives.dll
0x00007ff873a10000 - 0x00007ff873a4b000 	C:\WINDOWS\system32\IMM32.DLL
0x000000005fcb0000 - 0x000000005fd82000 	C:\Program Files\Java\jdk1.8.0_77\jre\bin\msvcr100.dll
0x000000005ed70000 - 0x000000005f600000 	C:\Program Files\Java\jdk1.8.0_77\jre\bin\server\jvm.dll
0x00007ff874d70000 - 0x00007ff874d78000 	C:\WINDOWS\system32\PSAPI.DLL
0x00007ff866200000 - 0x00007ff866209000 	C:\WINDOWS\SYSTEM32\WSOCK32.dll
0x00007ff86b3f0000 - 0x00007ff86b3fa000 	C:\WINDOWS\SYSTEM32\VERSION.dll
0x00007ff86f9c0000 - 0x00007ff86f9e3000 	C:\WINDOWS\SYSTEM32\WINMM.dll
0x00007ff874d90000 - 0x00007ff874dfb000 	C:\WINDOWS\system32\WS2_32.dll
0x0000000002120000 - 0x000000000214c000 	C:\WINDOWS\SYSTEM32\WINMMBASE.dll
0x00007ff871760000 - 0x00007ff8717a3000 	C:\WINDOWS\system32\cfgmgr32.dll
0x0000000060390000 - 0x000000006039f000 	C:\Program Files\Java\jdk1.8.0_77\jre\bin\verify.dll
0x000000005fc40000 - 0x000000005fc69000 	C:\Program Files\Java\jdk1.8.0_77\jre\bin\java.dll
0x0000000060370000 - 0x0000000060386000 	C:\Program Files\Java\jdk1.8.0_77\jre\bin\zip.dll
0x00007ff8724b0000 - 0x00007ff873a0c000 	C:\WINDOWS\system32\SHELL32.dll
0x00007ff871920000 - 0x00007ff871f64000 	C:\WINDOWS\system32\windows.storage.dll
0x00007ff873e50000 - 0x00007ff873ea2000 	C:\WINDOWS\system32\shlwapi.dll
0x00007ff871730000 - 0x00007ff87173f000 	C:\WINDOWS\system32\kernel.appcore.dll
0x00007ff871860000 - 0x00007ff871915000 	C:\WINDOWS\system32\shcore.dll
0x00007ff8716e0000 - 0x00007ff87172b000 	C:\WINDOWS\system32\powrprof.dll
0x00007ff871740000 - 0x00007ff871754000 	C:\WINDOWS\system32\profapi.dll
0x0000000180000000 - 0x0000000180053000 	C:\Users\stres_000\Desktop\Slick2D\lwjgl\lwjgl-2.9.3\native\windows\lwjgl64.dll
0x00007ff864f60000 - 0x00007ff865089000 	C:\WINDOWS\SYSTEM32\OPENGL32.dll
0x00007ff86cd40000 - 0x00007ff86cd6e000 	C:\WINDOWS\SYSTEM32\GLU32.dll
0x00007ff851fe0000 - 0x00007ff8520da000 	C:\WINDOWS\SYSTEM32\DDRAW.dll
0x00007ff85e570000 - 0x00007ff85e578000 	C:\WINDOWS\SYSTEM32\DCIMAN32.dll
0x00007ff8702c0000 - 0x00007ff870356000 	C:\WINDOWS\system32\uxtheme.dll
0x00007ff874880000 - 0x00007ff8749da000 	C:\WINDOWS\system32\MSCTF.dll
0x00007ff8516a0000 - 0x00007ff8516cb000 	C:\PROGRA~2\RAPTRI~1\PlaysTV\ltc_help64-113248.dll
0x00007ff872140000 - 0x00007ff872195000 	C:\WINDOWS\system32\WINTRUST.dll
0x00007ff8716d0000 - 0x00007ff8716e0000 	C:\WINDOWS\system32\MSASN1.dll
0x00007ff871f70000 - 0x00007ff872138000 	C:\WINDOWS\system32\CRYPT32.dll
0x00007ff8529b0000 - 0x00007ff8529db000 	C:\PROGRA~2\RAPTRI~1\Raptr\ltc_help64-112298.dll
0x00007ff86fcd0000 - 0x00007ff86fcf2000 	C:\WINDOWS\system32\dwmapi.dll
0x00007ff86fd30000 - 0x00007ff86fd48000 	C:\WINDOWS\SYSTEM32\atig6pxx.dll
0x000000005cc70000 - 0x000000005ea70000 	C:\WINDOWS\SYSTEM32\atio6axx.dll
0x00007ff873fc0000 - 0x00007ff8743e9000 	C:\WINDOWS\system32\SETUPAPI.dll
0x00007ff84b1c0000 - 0x00007ff84b301000 	C:\WINDOWS\SYSTEM32\atiadlxx.dll
0x00007ff874580000 - 0x00007ff8746c3000 	C:\WINDOWS\system32\ole32.dll
0x00007ff86fd00000 - 0x00007ff86fd13000 	C:\WINDOWS\SYSTEM32\WTSAPI32.dll
0x00007ff86f320000 - 0x00007ff86f4a6000 	C:\WINDOWS\SYSTEM32\PROPSYS.dll
0x00007ff870e30000 - 0x00007ff870e4f000 	C:\WINDOWS\SYSTEM32\USERENV.dll
0x00007ff874fe0000 - 0x00007ff8750a1000 	C:\WINDOWS\system32\OLEAUT32.dll
0x00007ff86d710000 - 0x00007ff86d748000 	C:\WINDOWS\SYSTEM32\IPHLPAPI.DLL
0x00007ff870100000 - 0x00007ff870127000 	C:\WINDOWS\SYSTEM32\DEVOBJ.dll
0x00007ff86a620000 - 0x00007ff86a64c000 	C:\WINDOWS\SYSTEM32\atig6txx.dll
0x00007ff85b3b0000 - 0x00007ff85b441000 	C:\WINDOWS\SYSTEM32\mscms.dll
0x00007ff86a3c0000 - 0x00007ff86a402000 	C:\WINDOWS\SYSTEM32\icm32.dll
0x000000005eb90000 - 0x000000005ed28000 	C:\Program Files\Java\jdk1.8.0_77\jre\bin\awt.dll
0x00007ff86fed0000 - 0x00007ff86ff49000 	C:\WINDOWS\system32\apphelp.dll
0x0000000016cc0000 - 0x0000000016cd6000 	C:\Users\stres_000\Desktop\Slick2D\lwjgl\lwjgl-2.9.3\native\windows\jinput-dx8_64.dll
0x00007ff86a370000 - 0x00007ff86a3b1000 	C:\WINDOWS\SYSTEM32\DINPUT8.dll
0x00007ff8706c0000 - 0x00007ff8706cc000 	C:\WINDOWS\SYSTEM32\HID.DLL
0x0000000016d10000 - 0x0000000016d24000 	C:\Users\stres_000\Desktop\Slick2D\lwjgl\lwjgl-2.9.3\native\windows\jinput-raw_64.dll
0x000000001e3f0000 - 0x000000001e454000 	C:\Users\stres_000\Desktop\Slick2D\lwjgl\lwjgl-2.9.3\native\windows\OpenAL64.dll
0x00007ff874ec0000 - 0x00007ff874f67000 	C:\WINDOWS\system32\clbcatq.dll
0x00007ff86e990000 - 0x00007ff86ea00000 	C:\WINDOWS\System32\MMDevApi.dll
0x00007ff855000000 - 0x00007ff85509c000 	C:\WINDOWS\SYSTEM32\dsound.dll
0x00007ff86c950000 - 0x00007ff86c9d8000 	C:\WINDOWS\SYSTEM32\AUDIOSES.DLL
0x00007ff86e520000 - 0x00007ff86e656000 	C:\WINDOWS\SYSTEM32\wintypes.dll
0x00007ff871050000 - 0x00007ff871067000 	C:\WINDOWS\system32\CRYPTSP.dll
0x00007ff870ce0000 - 0x00007ff870d14000 	C:\WINDOWS\system32\rsaenh.dll
0x00007ff871600000 - 0x00007ff871629000 	C:\WINDOWS\SYSTEM32\bcrypt.dll
0x00007ff871170000 - 0x00007ff87117b000 	C:\WINDOWS\SYSTEM32\CRYPTBASE.dll
0x00007ff874ea0000 - 0x00007ff874ebc000 	C:\WINDOWS\system32\imagehlp.dll
0x00007ff8706d0000 - 0x00007ff8706f4000 	C:\WINDOWS\SYSTEM32\gpapi.dll
0x00007ff860b10000 - 0x00007ff860b3f000 	C:\Windows\System32\cryptnet.dll
0x00007ff86d900000 - 0x00007ff86d90b000 	C:\WINDOWS\SYSTEM32\WINNSI.DLL
0x00007ff874d80000 - 0x00007ff874d88000 	C:\WINDOWS\system32\NSI.dll
0x00007ff853210000 - 0x00007ff85343e000 	C:\PROGRA~2\RAPTRI~1\PlaysTV\ltc_game64-113248.dll
0x00007ff845350000 - 0x00007ff84557b000 	C:\PROGRA~2\RAPTRI~1\Raptr\ltc_game64-112298.dll
0x00007ff8602e0000 - 0x00007ff86046c000 	C:\WINDOWS\SYSTEM32\dbghelp.dll

VM Arguments:
jvm_args: -Dfile.encoding=UTF-8 -Djava.library.path=C:\Users\stres_000\Desktop\Slick2D\lwjgl\lwjgl-2.9.3\native\windows 
java_command: juego.App
java_class_path (initial): C:\Users\stres_000\Desktop\Slick2D\Slick2D\lib\slick.jar;C:\Users\stres_000\Desktop\Slick2D\Slick2D\lib\lwjgl.jar;C:\Users\stres_000\Desktop\Slick2D\Slick2D\lib\lwjgl_util.jar;C:\Users\stres_000\Desktop\Slick2D\Slick2D\lib\jinput.jar;C:\Users\stres_000\Desktop\Slick2D\Slick2D\lib\jogg-0.0.7.jar;C:\Users\stres_000\Desktop\Slick2D\Slick2D\lib\jorbis-0.0.15.jar;C:\Users\stres_000\Documents\GitHub\TVproyecto\TFADemo\build\classes
Launcher Type: SUN_STANDARD

Environment Variables:
PATH=C:\ProgramData\Oracle\Java\javapath;C:\Program Files (x86)\AMD APP\bin\x86_64;C:\Program Files (x86)\AMD APP\bin\x86;C:\Program Files (x86)\Intel\iCLS Client\;C:\Program Files\Intel\iCLS Client\;C:\WINDOWS\system32;C:\WINDOWS;C:\WINDOWS\System32\Wbem;C:\WINDOWS\System32\WindowsPowerShell\v1.0\;C:\Program Files\Intel\Intel(R) Management Engine Components\DAL;C:\Program Files\Intel\Intel(R) Management Engine Components\IPT;C:\Program Files (x86)\Intel\Intel(R) Management Engine Components\DAL;C:\Program Files (x86)\Intel\Intel(R) Management Engine Components\IPT;C:\Program Files (x86)\ATI Technologies\ATI.ACE\Core-Static;C:\Program Files (x86)\Windows Live\Shared;C:\Program Files (x86)\AMD\ATI.ACE\Core-Static;C:\Program Files (x86)\Skype\Phone\
USERNAME=stres_000
OS=Windows_NT
PROCESSOR_IDENTIFIER=Intel64 Family 6 Model 58 Stepping 9, GenuineIntel



---------------  S Y S T E M  ---------------

OS: Windows 10.0 , 64 bit Build 10586 (10.0.10586.0)

CPU:total 4 (2 cores per cpu, 2 threads per core) family 6 model 58 stepping 9, cmov, cx8, fxsr, mmx, sse, sse2, sse3, ssse3, sse4.1, sse4.2, popcnt, avx, aes, clmul, erms, ht, tsc, tscinvbit, tscinv

Memory: 4k page, physical 4144356k(1245880k free), swap 6517372k(1942992k free)

vm_info: Java HotSpot(TM) 64-Bit Server VM (25.77-b03) for windows-amd64 JRE (1.8.0_77-b03), built on Mar 20 2016 22:01:33 by "java_re" with MS VC++ 10.0 (VS2010)

time: Mon Jun 13 19:12:17 2016
elapsed time: 21 seconds (0d 0h 0m 21s)

