#
# A fatal error has been detected by the Java Runtime Environment:
#
#  EXCEPTION_ACCESS_VIOLATION (0xc0000005) at pc=0x00007ff865042224, pid=8500, tid=9844
#
# JRE version: Java(TM) SE Runtime Environment (8.0_77-b03) (build 1.8.0_77-b03)
# Java VM: Java HotSpot(TM) 64-Bit Server VM (25.77-b03 mixed mode windows-amd64 compressed oops)
# Problematic frame:
# C  [OPENGL32.dll+0xe2224]
#
# Failed to write core dump. Minidumps are not enabled by default on client versions of Windows
#
# If you would like to submit a bug report, please visit:
#   http://bugreport.java.com/bugreport/crash.jsp
#

---------------  T H R E A D  ---------------

Current thread (0x0000000014977800):  VMThread [stack: 0x0000000015a00000,0x0000000015b00000] [id=9844]

siginfo: ExceptionCode=0xc0000005, reading address 0x0000000000000a38

Registers:
RAX=0x0000000000000000, RBX=0x000000001f78e7d0, RCX=0x0000000000000001, RDX=0x000000001f78e7d8
RSP=0x0000000015aff308, RBP=0x0000000000000000, RSI=0x0000000023603940, RDI=0x0000000023603940
R8 =0x0000000015aff388, R9 =0x0000000014885400, R10=0x0000000000000000, R11=0x0000000000000246
R12=0x0000000000000000, R13=0x000000001f786be8, R14=0x000000001f786aa0, R15=0x0000000000000000
RIP=0x00007ff865042224, EFLAGS=0x0000000000010283

Top of Stack: (sp=0x0000000015aff308)
0x0000000015aff308:   00007ff8453b247b 000000001f786be8
0x0000000015aff318:   0000000000000001 000000001f780000
0x0000000015aff328:   00007ff8750d0ad9 0000000000000000
0x0000000015aff338:   00007ff8453b7b27 0000000000000000
0x0000000015aff348:   0000000000000000 000000001f786bd0
0x0000000015aff358:   00007ff8453b6e93 fffffffffffffffe
0x0000000015aff368:   0000000015aff3d0 0000000000000000
0x0000000015aff378:   00007ff8453b83d9 0000000023603940
0x0000000015aff388:   0000000023604970 0000000014885400
0x0000000015aff398:   00007ff84542b238 fffffffffffffffe
0x0000000015aff3a8:   000000001f788fa0 0000000000000001
0x0000000015aff3b8:   000000001f786bc8 000000001f786aa0
0x0000000015aff3c8:   00007ff84543335d 00007ff845562880
0x0000000015aff3d8:   00007ff845499980 0000000014885400
0x0000000015aff3e8:   00007ff8750d0ad9 000000001f786bc8
0x0000000015aff3f8:   000000001f786aa0 000000001f786aa0 

Instructions: (pc=0x00007ff865042224)
0x00007ff865042204:   cc cc cc cc cc cc 66 0f 1f 44 00 00 8b 05 f2 7d
0x00007ff865042214:   01 00 83 f8 40 73 0f 65 48 8b 04 c5 80 14 00 00
0x00007ff865042224:   ff a0 38 0a 00 00 b8 47 01 00 00 e9 ec d4 ff ff
0x00007ff865042234:   cc cc cc cc cc cc 66 0f 1f 44 00 00 8b 05 c2 7d 


Register to memory mapping:

RAX=0x0000000000000000 is an unknown value
RBX=0x000000001f78e7d0 is an unknown value
RCX=0x0000000000000001 is an unknown value
RDX=0x000000001f78e7d8 is an unknown value
RSP=0x0000000015aff308 is an unknown value
RBP=0x0000000000000000 is an unknown value
RSI=0x0000000023603940 is an unknown value
RDI=0x0000000023603940 is an unknown value
R8 =0x0000000015aff388 is an unknown value
R9 =0x0000000014885400 is an unknown value
R10=0x0000000000000000 is an unknown value
R11=0x0000000000000246 is an unknown value
R12=0x0000000000000000 is an unknown value
R13=0x000000001f786be8 is an unknown value
R14=0x000000001f786aa0 is an unknown value
R15=0x0000000000000000 is an unknown value


Stack: [0x0000000015a00000,0x0000000015b00000],  sp=0x0000000015aff308,  free space=1020k
Native frames: (J=compiled Java code, j=interpreted, Vv=VM code, C=native code)

VM_Operation (0x000000000222f1f0): Exit, mode: safepoint, requested by thread 0x0000000002250800


---------------  P R O C E S S  ---------------

Java Threads: ( => current thread )
  0x000000001da45800 JavaThread "Thread-2" daemon [_thread_in_native, id=7856, stack(0x000000001e490000,0x000000001e590000)]
  0x0000000016348000 JavaThread "Service Thread" daemon [_thread_blocked, id=4468, stack(0x0000000016700000,0x0000000016800000)]
  0x00000000149b8000 JavaThread "C1 CompilerThread2" daemon [_thread_blocked, id=6960, stack(0x0000000016200000,0x0000000016300000)]
  0x00000000149af000 JavaThread "C2 CompilerThread1" daemon [_thread_blocked, id=3304, stack(0x0000000016100000,0x0000000016200000)]
  0x00000000149ad000 JavaThread "C2 CompilerThread0" daemon [_thread_blocked, id=3584, stack(0x0000000016000000,0x0000000016100000)]
  0x00000000149aa800 JavaThread "Attach Listener" daemon [_thread_blocked, id=9860, stack(0x0000000015f00000,0x0000000016000000)]
  0x0000000014999000 JavaThread "Finalizer" daemon [_thread_blocked, id=6660, stack(0x0000000015c00000,0x0000000015d00000)]
  0x0000000002340000 JavaThread "Reference Handler" daemon [_thread_blocked, id=8760, stack(0x0000000015b00000,0x0000000015c00000)]
  0x0000000002250800 JavaThread "main" [_thread_blocked, id=4404, stack(0x0000000002130000,0x0000000002230000)]

Other Threads:
=>0x0000000014977800 VMThread [stack: 0x0000000015a00000,0x0000000015b00000] [id=9844]

VM state:at safepoint (shutting down)

VM Mutex/Monitor currently owned by a thread:  ([mutex/lock_event])
[0x000000000212c190] Threads_lock - owner thread: 0x0000000014977800

Heap:
 PSYoungGen      total 18944K, used 13025K [0x00000000eaf00000, 0x00000000ec400000, 0x0000000100000000)
  eden space 16384K, 79% used [0x00000000eaf00000,0x00000000ebbb8608,0x00000000ebf00000)
  from space 2560K, 0% used [0x00000000ec180000,0x00000000ec180000,0x00000000ec400000)
  to   space 2560K, 0% used [0x00000000ebf00000,0x00000000ebf00000,0x00000000ec180000)
 ParOldGen       total 44032K, used 0K [0x00000000c0c00000, 0x00000000c3700000, 0x00000000eaf00000)
  object space 44032K, 0% used [0x00000000c0c00000,0x00000000c0c00000,0x00000000c3700000)
 Metaspace       used 6551K, capacity 6901K, committed 7168K, reserved 1056768K
  class space    used 631K, capacity 691K, committed 768K, reserved 1048576K

Card table byte_map: [0x0000000011710000,0x0000000011910000] byte_map_base: 0x000000001110a000

Marking Bits: (ParMarkBitMap*) 0x000000005f580600
 Begin Bits: [0x0000000011e70000, 0x0000000012e40000)
 End Bits:   [0x0000000012e40000, 0x0000000013e10000)

Polling page: 0x0000000000460000

CodeCache: size=245760Kb used=3819Kb max_used=3819Kb free=241940Kb
 bounds [0x0000000002350000, 0x0000000002710000, 0x0000000011350000]
 total_blobs=1231 nmethods=814 adapters=330
 compilation: enabled

Compilation events (10 events):
Event: 24.179 Thread 0x00000000149b8000  810   !   3       org.lwjgl.input.Mouse::isButtonDown (61 bytes)
Event: 24.180 Thread 0x00000000149b8000 nmethod 810 0x00000000026e2f50 code [0x00000000026e3100, 0x00000000026e3718]
Event: 24.242 Thread 0x00000000149b8000  811       3       net.java.games.input.DummyWindow::getHwnd (5 bytes)
Event: 24.242 Thread 0x00000000149b8000 nmethod 811 0x00000000026e2c10 code [0x00000000026e2d60, 0x00000000026e2eb0]
Event: 24.314 Thread 0x00000000149b8000  812       3       java.lang.Thread::isInterrupted (6 bytes)
Event: 24.314 Thread 0x00000000149b8000 nmethod 812 0x00000000026e2890 code [0x00000000026e2a00, 0x00000000026e2b88]
Event: 24.314 Thread 0x00000000149b8000  813       3       net.java.games.input.RawInputEventQueue::access$300 (6 bytes)
Event: 24.314 Thread 0x00000000149b8000 nmethod 813 0x00000000026e22d0 code [0x00000000026e2440, 0x00000000026e2708]
Event: 24.326 Thread 0x00000000149b8000  814       3       net.java.games.input.RawInputEventQueue::lookupDevice (51 bytes)
Event: 24.326 Thread 0x00000000149b8000 nmethod 814 0x00000000026e1950 code [0x00000000026e1b00, 0x00000000026e20d8]

GC Heap History (0 events):
No events

Deoptimization events (6 events):
Event: 0.693 Thread 0x0000000002250800 Uncommon trap: reason=unstable_if action=reinterpret pc=0x0000000002550000 method=com.jcraft.jogg.Buffer.read(I)I @ 23
Event: 2.180 Thread 0x0000000002250800 Uncommon trap: reason=unstable_if action=reinterpret pc=0x0000000002653b60 method=org.lwjgl.input.Keyboard.readNext(Lorg/lwjgl/input/Keyboard$KeyEvent;)Z @ 6
Event: 21.411 Thread 0x0000000002250800 Uncommon trap: reason=unstable_if action=reinterpret pc=0x00000000026b3130 method=org.lwjgl.input.Mouse.next()Z @ 28
Event: 22.912 Thread 0x0000000002250800 Uncommon trap: reason=unstable_if action=reinterpret pc=0x00000000026ed298 method=org.newdawn.slick.Input.poll(II)V @ 447
Event: 24.499 Thread 0x0000000002250800 Uncommon trap: reason=unstable_if action=reinterpret pc=0x00000000026be1b8 method=org.newdawn.slick.AppGameContainer.gameLoop()V @ 60
Event: 24.522 Thread 0x0000000002250800 Uncommon trap: reason=unstable_if action=reinterpret pc=0x000000000261018c method=java.util.HashMap$HashIterator.<init>(Ljava/util/HashMap;)V @ 45

Internal exceptions (10 events):
Event: 0.139 Thread 0x0000000002250800 Exception <a 'java/security/PrivilegedActionException'> (0x00000000eb0f38c8) thrown at [D:\re\workspace\8-2-build-windows-amd64-cygwin\jdk8u77\6540\hotspot\src\share\vm\prims\jvm.cpp, line 1386]
Event: 0.139 Thread 0x0000000002250800 Exception <a 'java/security/PrivilegedActionException'> (0x00000000eb0f3ad8) thrown at [D:\re\workspace\8-2-build-windows-amd64-cygwin\jdk8u77\6540\hotspot\src\share\vm\prims\jvm.cpp, line 1386]
Event: 0.140 Thread 0x0000000002250800 Exception <a 'java/security/PrivilegedActionException'> (0x00000000eb0f7920) thrown at [D:\re\workspace\8-2-build-windows-amd64-cygwin\jdk8u77\6540\hotspot\src\share\vm\prims\jvm.cpp, line 1386]
Event: 0.140 Thread 0x0000000002250800 Exception <a 'java/security/PrivilegedActionException'> (0x00000000eb0f7b30) thrown at [D:\re\workspace\8-2-build-windows-amd64-cygwin\jdk8u77\6540\hotspot\src\share\vm\prims\jvm.cpp, line 1386]
Event: 0.644 Thread 0x0000000002250800 Exception <a 'java/security/PrivilegedActionException'> (0x00000000eb7bcf28) thrown at [D:\re\workspace\8-2-build-windows-amd64-cygwin\jdk8u77\6540\hotspot\src\share\vm\prims\jvm.cpp, line 1386]
Event: 0.644 Thread 0x0000000002250800 Exception <a 'java/security/PrivilegedActionException'> (0x00000000eb7beb00) thrown at [D:\re\workspace\8-2-build-windows-amd64-cygwin\jdk8u77\6540\hotspot\src\share\vm\prims\jvm.cpp, line 1386]
Event: 0.644 Thread 0x0000000002250800 Exception <a 'java/security/PrivilegedActionException'> (0x00000000eb7bfc70) thrown at [D:\re\workspace\8-2-build-windows-amd64-cygwin\jdk8u77\6540\hotspot\src\share\vm\prims\jvm.cpp, line 1386]
Event: 0.645 Thread 0x0000000002250800 Exception <a 'java/security/PrivilegedActionException'> (0x00000000eb7c4dd8) thrown at [D:\re\workspace\8-2-build-windows-amd64-cygwin\jdk8u77\6540\hotspot\src\share\vm\prims\jvm.cpp, line 1386]
Event: 0.645 Thread 0x0000000002250800 Exception <a 'java/security/PrivilegedActionException'> (0x00000000eb7c5a30) thrown at [D:\re\workspace\8-2-build-windows-amd64-cygwin\jdk8u77\6540\hotspot\src\share\vm\prims\jvm.cpp, line 1386]
Event: 0.645 Thread 0x0000000002250800 Exception <a 'java/security/PrivilegedActionException'> (0x00000000eb7c6658) thrown at [D:\re\workspace\8-2-build-windows-amd64-cygwin\jdk8u77\6540\hotspot\src\share\vm\prims\jvm.cpp, line 1386]

Events (10 events):
Event: 24.522 loading class java/util/IdentityHashMap$KeySet
Event: 24.522 loading class java/util/IdentityHashMap$KeySet done
Event: 24.522 loading class java/util/IdentityHashMap$KeyIterator
Event: 24.522 loading class java/util/IdentityHashMap$IdentityHashMapIterator
Event: 24.522 loading class java/util/IdentityHashMap$IdentityHashMapIterator done
Event: 24.523 loading class java/util/IdentityHashMap$KeyIterator done
Event: 24.523 Thread 0x000000002e16e000 Thread added: 0x000000002e16e000
Event: 24.524 Thread 0x000000002e16e000 Thread exited: 0x000000002e16e000
Event: 24.525 Thread 0x00000000149a9000 Thread exited: 0x00000000149a9000
Event: 24.525 Executing VM operation: Exit


Dynamic libraries:
0x00007ff702b80000 - 0x00007ff702bb7000 	C:\Program Files\Java\jdk1.8.0_77\bin\java.exe
0x00007ff8750b0000 - 0x00007ff875271000 	C:\WINDOWS\SYSTEM32\ntdll.dll
0x00007ff873f10000 - 0x00007ff873fbd000 	C:\WINDOWS\system32\KERNEL32.DLL
0x00007ff8721c0000 - 0x00007ff8723a8000 	C:\WINDOWS\system32\KERNELBASE.dll
0x00007ff8749e0000 - 0x00007ff874a87000 	C:\WINDOWS\system32\ADVAPI32.dll
0x00007ff874e00000 - 0x00007ff874e9d000 	C:\WINDOWS\system32\msvcrt.dll
0x00007ff874d10000 - 0x00007ff874d6b000 	C:\WINDOWS\system32\sechost.dll
0x00007ff874a90000 - 0x00007ff874bac000 	C:\WINDOWS\system32\RPCRT4.dll
0x00007ff874bb0000 - 0x00007ff874d06000 	C:\WINDOWS\system32\USER32.dll
0x00007ff8743f0000 - 0x00007ff874576000 	C:\WINDOWS\system32\GDI32.dll
0x00007ff86e150000 - 0x00007ff86e3c4000 	C:\WINDOWS\WinSxS\amd64_microsoft.windows.common-controls_6595b64144ccf1df_6.0.10586.0_none_8c15ae12515e1c22\COMCTL32.dll
0x00007ff873a50000 - 0x00007ff873ccd000 	C:\WINDOWS\system32\combase.dll
0x00007ff8723b0000 - 0x00007ff87241a000 	C:\WINDOWS\system32\bcryptPrimitives.dll
0x00007ff873a10000 - 0x00007ff873a4b000 	C:\WINDOWS\system32\IMM32.DLL
0x000000005fcb0000 - 0x000000005fd82000 	C:\Program Files\Java\jdk1.8.0_77\jre\bin\msvcr100.dll
0x000000005ed70000 - 0x000000005f600000 	C:\Program Files\Java\jdk1.8.0_77\jre\bin\server\jvm.dll
0x00007ff874d70000 - 0x00007ff874d78000 	C:\WINDOWS\system32\PSAPI.DLL
0x00007ff86f9c0000 - 0x00007ff86f9e3000 	C:\WINDOWS\SYSTEM32\WINMM.dll
0x00007ff866200000 - 0x00007ff866209000 	C:\WINDOWS\SYSTEM32\WSOCK32.dll
0x00007ff86b3f0000 - 0x00007ff86b3fa000 	C:\WINDOWS\SYSTEM32\VERSION.dll
0x00007ff874d90000 - 0x00007ff874dfb000 	C:\WINDOWS\system32\WS2_32.dll
0x0000000000410000 - 0x000000000043c000 	C:\WINDOWS\SYSTEM32\WINMMBASE.dll
0x00007ff871760000 - 0x00007ff8717a3000 	C:\WINDOWS\system32\cfgmgr32.dll
0x0000000060390000 - 0x000000006039f000 	C:\Program Files\Java\jdk1.8.0_77\jre\bin\verify.dll
0x000000005fc40000 - 0x000000005fc69000 	C:\Program Files\Java\jdk1.8.0_77\jre\bin\java.dll
0x0000000060370000 - 0x0000000060386000 	C:\Program Files\Java\jdk1.8.0_77\jre\bin\zip.dll
0x00007ff8724b0000 - 0x00007ff873a0c000 	C:\WINDOWS\system32\SHELL32.dll
0x00007ff871920000 - 0x00007ff871f64000 	C:\WINDOWS\system32\windows.storage.dll
0x00007ff873e50000 - 0x00007ff873ea2000 	C:\WINDOWS\system32\shlwapi.dll
0x00007ff871730000 - 0x00007ff87173f000 	C:\WINDOWS\system32\kernel.appcore.dll
0x00007ff871860000 - 0x00007ff871915000 	C:\WINDOWS\system32\shcore.dll
0x00007ff8716e0000 - 0x00007ff87172b000 	C:\WINDOWS\system32\powrprof.dll
0x00007ff871740000 - 0x00007ff871754000 	C:\WINDOWS\system32\profapi.dll
0x0000000180000000 - 0x0000000180053000 	C:\Users\stres_000\Desktop\Slick2D\lwjgl\lwjgl-2.9.3\native\windows\lwjgl64.dll
0x00007ff864f60000 - 0x00007ff865089000 	C:\WINDOWS\SYSTEM32\OPENGL32.dll
0x00007ff851fe0000 - 0x00007ff8520da000 	C:\WINDOWS\SYSTEM32\DDRAW.dll
0x00007ff86cd40000 - 0x00007ff86cd6e000 	C:\WINDOWS\SYSTEM32\GLU32.dll
0x00007ff85e570000 - 0x00007ff85e578000 	C:\WINDOWS\SYSTEM32\DCIMAN32.dll
0x00007ff8702c0000 - 0x00007ff870356000 	C:\WINDOWS\system32\uxtheme.dll
0x00007ff874880000 - 0x00007ff8749da000 	C:\WINDOWS\system32\MSCTF.dll
0x00007ff8516a0000 - 0x00007ff8516cb000 	C:\PROGRA~2\RAPTRI~1\PlaysTV\ltc_help64-113248.dll
0x00007ff872140000 - 0x00007ff872195000 	C:\WINDOWS\system32\WINTRUST.dll
0x00007ff8716d0000 - 0x00007ff8716e0000 	C:\WINDOWS\system32\MSASN1.dll
0x00007ff871f70000 - 0x00007ff872138000 	C:\WINDOWS\system32\CRYPT32.dll
0x00007ff8529b0000 - 0x00007ff8529db000 	C:\PROGRA~2\RAPTRI~1\Raptr\ltc_help64-112298.dll
0x00007ff86fcd0000 - 0x00007ff86fcf2000 	C:\WINDOWS\system32\dwmapi.dll
0x00007ff86fd30000 - 0x00007ff86fd48000 	C:\WINDOWS\SYSTEM32\atig6pxx.dll
0x000000005cc70000 - 0x000000005ea70000 	C:\WINDOWS\SYSTEM32\atio6axx.dll
0x00007ff873fc0000 - 0x00007ff8743e9000 	C:\WINDOWS\system32\SETUPAPI.dll
0x00007ff84b1c0000 - 0x00007ff84b301000 	C:\WINDOWS\SYSTEM32\atiadlxx.dll
0x00007ff874580000 - 0x00007ff8746c3000 	C:\WINDOWS\system32\ole32.dll
0x00007ff870e30000 - 0x00007ff870e4f000 	C:\WINDOWS\SYSTEM32\USERENV.dll
0x00007ff86f320000 - 0x00007ff86f4a6000 	C:\WINDOWS\SYSTEM32\PROPSYS.dll
0x00007ff86fd00000 - 0x00007ff86fd13000 	C:\WINDOWS\SYSTEM32\WTSAPI32.dll
0x00007ff874fe0000 - 0x00007ff8750a1000 	C:\WINDOWS\system32\OLEAUT32.dll
0x00007ff86d710000 - 0x00007ff86d748000 	C:\WINDOWS\SYSTEM32\IPHLPAPI.DLL
0x00007ff870100000 - 0x00007ff870127000 	C:\WINDOWS\SYSTEM32\DEVOBJ.dll
0x00007ff86a620000 - 0x00007ff86a64c000 	C:\WINDOWS\SYSTEM32\atig6txx.dll
0x00007ff85b3b0000 - 0x00007ff85b441000 	C:\WINDOWS\SYSTEM32\mscms.dll
0x00007ff8693f0000 - 0x00007ff869432000 	C:\WINDOWS\SYSTEM32\icm32.dll
0x000000005eb90000 - 0x000000005ed28000 	C:\Program Files\Java\jdk1.8.0_77\jre\bin\awt.dll
0x00007ff86fed0000 - 0x00007ff86ff49000 	C:\WINDOWS\system32\apphelp.dll
0x000000001e210000 - 0x000000001e226000 	C:\Users\stres_000\Desktop\Slick2D\lwjgl\lwjgl-2.9.3\native\windows\jinput-dx8_64.dll
0x00007ff860290000 - 0x00007ff8602d1000 	C:\WINDOWS\SYSTEM32\DINPUT8.dll
0x00007ff8706c0000 - 0x00007ff8706cc000 	C:\WINDOWS\SYSTEM32\HID.DLL
0x000000001e370000 - 0x000000001e384000 	C:\Users\stres_000\Desktop\Slick2D\lwjgl\lwjgl-2.9.3\native\windows\jinput-raw_64.dll
0x000000001e410000 - 0x000000001e474000 	C:\Users\stres_000\Desktop\Slick2D\lwjgl\lwjgl-2.9.3\native\windows\OpenAL64.dll
0x00007ff874ec0000 - 0x00007ff874f67000 	C:\WINDOWS\system32\clbcatq.dll
0x00007ff86e990000 - 0x00007ff86ea00000 	C:\WINDOWS\System32\MMDevApi.dll
0x00007ff855000000 - 0x00007ff85509c000 	C:\WINDOWS\SYSTEM32\dsound.dll
0x00007ff86c950000 - 0x00007ff86c9d8000 	C:\WINDOWS\SYSTEM32\AUDIOSES.DLL
0x00007ff86e520000 - 0x00007ff86e656000 	C:\WINDOWS\SYSTEM32\wintypes.dll
0x00007ff871050000 - 0x00007ff871067000 	C:\WINDOWS\system32\CRYPTSP.dll
0x00007ff870ce0000 - 0x00007ff870d14000 	C:\WINDOWS\system32\rsaenh.dll
0x00007ff871600000 - 0x00007ff871629000 	C:\WINDOWS\SYSTEM32\bcrypt.dll
0x00007ff871170000 - 0x00007ff87117b000 	C:\WINDOWS\SYSTEM32\CRYPTBASE.dll
0x00007ff874ea0000 - 0x00007ff874ebc000 	C:\WINDOWS\system32\imagehlp.dll
0x00007ff8706d0000 - 0x00007ff8706f4000 	C:\WINDOWS\SYSTEM32\gpapi.dll
0x00007ff860b10000 - 0x00007ff860b3f000 	C:\Windows\System32\cryptnet.dll
0x00007ff86d900000 - 0x00007ff86d90b000 	C:\WINDOWS\SYSTEM32\WINNSI.DLL
0x00007ff874d80000 - 0x00007ff874d88000 	C:\WINDOWS\system32\NSI.dll
0x00007ff853210000 - 0x00007ff85343b000 	C:\PROGRA~2\RAPTRI~1\Raptr\ltc_game64-112298.dll
0x00007ff845350000 - 0x00007ff84557e000 	C:\PROGRA~2\RAPTRI~1\PlaysTV\ltc_game64-113248.dll
0x00007ff8602e0000 - 0x00007ff86046c000 	C:\WINDOWS\SYSTEM32\dbghelp.dll

VM Arguments:
jvm_args: -Dfile.encoding=UTF-8 -Djava.library.path=C:\Users\stres_000\Desktop\Slick2D\lwjgl\lwjgl-2.9.3\native\windows 
java_command: juego.App
java_class_path (initial): C:\Users\stres_000\Desktop\Slick2D\Slick2D\lib\slick.jar;C:\Users\stres_000\Desktop\Slick2D\Slick2D\lib\lwjgl.jar;C:\Users\stres_000\Desktop\Slick2D\Slick2D\lib\lwjgl_util.jar;C:\Users\stres_000\Desktop\Slick2D\Slick2D\lib\jinput.jar;C:\Users\stres_000\Desktop\Slick2D\Slick2D\lib\jogg-0.0.7.jar;C:\Users\stres_000\Desktop\Slick2D\Slick2D\lib\jorbis-0.0.15.jar;C:\Users\stres_000\Documents\GitHub\TVproyecto\TFADemo\build\classes
Launcher Type: SUN_STANDARD

Environment Variables:
PATH=C:\ProgramData\Oracle\Java\javapath;C:\Program Files (x86)\AMD APP\bin\x86_64;C:\Program Files (x86)\AMD APP\bin\x86;C:\Program Files (x86)\Intel\iCLS Client\;C:\Program Files\Intel\iCLS Client\;C:\WINDOWS\system32;C:\WINDOWS;C:\WINDOWS\System32\Wbem;C:\WINDOWS\System32\WindowsPowerShell\v1.0\;C:\Program Files\Intel\Intel(R) Management Engine Components\DAL;C:\Program Files\Intel\Intel(R) Management Engine Components\IPT;C:\Program Files (x86)\Intel\Intel(R) Management Engine Components\DAL;C:\Program Files (x86)\Intel\Intel(R) Management Engine Components\IPT;C:\Program Files (x86)\ATI Technologies\ATI.ACE\Core-Static;C:\Program Files (x86)\Windows Live\Shared;C:\Program Files (x86)\AMD\ATI.ACE\Core-Static;C:\Program Files (x86)\Skype\Phone\
USERNAME=stres_000
OS=Windows_NT
PROCESSOR_IDENTIFIER=Intel64 Family 6 Model 58 Stepping 9, GenuineIntel



---------------  S Y S T E M  ---------------

OS: Windows 10.0 , 64 bit Build 10586 (10.0.10586.0)

CPU:total 4 (2 cores per cpu, 2 threads per core) family 6 model 58 stepping 9, cmov, cx8, fxsr, mmx, sse, sse2, sse3, ssse3, sse4.1, sse4.2, popcnt, avx, aes, clmul, erms, ht, tsc, tscinvbit, tscinv

Memory: 4k page, physical 4144356k(1223464k free), swap 6517372k(2143940k free)

vm_info: Java HotSpot(TM) 64-Bit Server VM (25.77-b03) for windows-amd64 JRE (1.8.0_77-b03), built on Mar 20 2016 22:01:33 by "java_re" with MS VC++ 10.0 (VS2010)

time: Mon Jun 13 18:44:55 2016
elapsed time: 24 seconds (0d 0h 0m 24s)

